<?xml version="1.0" encoding="UTF-8"?>
<testng-results ignored="0" total="1" passed="1" failed="0" skipped="0">
  <reporter-output>
  </reporter-output>
  <suite started-at="2024-06-21T03:19:52 IST" name="Default suite" finished-at="2024-06-21T03:20:09 IST" duration-ms="16965">
    <groups>
      <group name="cucumber">
        <method signature="AbstractTestNGCucumberTests.runScenario(io.cucumber.testng.PickleWrapper,io.cucumber.testng.FeatureWrapper)[pri:0, instance:runner5.form@b9b00e0]" name="runScenario" class="io.cucumber.testng.AbstractTestNGCucumberTests"/>
      </group> <!-- cucumber -->
    </groups>
    <test started-at="2024-06-21T03:19:52 IST" name="Default test" finished-at="2024-06-21T03:20:09 IST" duration-ms="16965">
      <class name="runner5.form">
        <test-method is-config="true" signature="setUpClass(org.testng.ITestContext)[pri:0, instance:runner5.form@b9b00e0]" started-at="2024-06-21T03:19:52 IST" name="setUpClass" finished-at="2024-06-21T03:19:52 IST" duration-ms="189" status="PASS">
          <params>
            <param index="0">
              <value>
                <![CDATA[org.testng.TestRunner@51ec2df1]]>
              </value>
            </param>
          </params>
          <reporter-output>
          </reporter-output>
        </test-method> <!-- setUpClass -->
        <test-method signature="runScenario(io.cucumber.testng.PickleWrapper,io.cucumber.testng.FeatureWrapper)[pri:0, instance:runner5.form@b9b00e0]" started-at="2024-06-21T03:19:52 IST" name="runScenario" description="Runs Cucumber Scenarios" data-provider="scenarios" finished-at="2024-06-21T03:20:09 IST" duration-ms="16740" status="PASS">
          <params>
            <param index="0">
              <value>
                <![CDATA["To test all the textfield in the form"]]>
              </value>
            </param>
            <param index="1">
              <value>
                <![CDATA["To test all the textfied in the form"]]>
              </value>
            </param>
          </params>
          <reporter-output>
          </reporter-output>
        </test-method> <!-- runScenario -->
        <test-method is-config="true" signature="tearDownClass()[pri:0, instance:runner5.form@b9b00e0]" started-at="2024-06-21T03:20:09 IST" name="tearDownClass" finished-at="2024-06-21T03:20:09 IST" duration-ms="0" status="PASS">
          <reporter-output>
          </reporter-output>
        </test-method> <!-- tearDownClass -->
      </class> <!-- runner5.form -->
    </test> <!-- Default test -->
  </suite> <!-- Default suite -->
</testng-results>
